<?xml version="1.0" encoding="UTF-8"?>
<!-- Generated by org.testng.reporters.JUnitXMLReporter -->
<testsuite hostname="patapl-G5SSZF2" name="chrome_60_7" tests="4" failures="0" timestamp="12 Oct 2017 13:35:14 GMT" time="99.983" errors="0">
  <testcase name="@AfterMethod tearDown" time="0.0" classname="zeta.test.ZetaCmsSuite">
    <failure type="java.lang.NullPointerException">
      <![CDATA[java.lang.NullPointerException
	at zeta.utilities.ZetaTestDriver.tearDown(ZetaTestDriver.java:145)
	at java.util.concurrent.FutureTask.run(FutureTask.java:266)
	at java.util.concurrent.ThreadPoolExecutor.runWorker(ThreadPoolExecutor.java:1142)
	at java.util.concurrent.ThreadPoolExecutor$Worker.run(ThreadPoolExecutor.java:617)
	at java.lang.Thread.run(Thread.java:745)
... Removed 18 stack frames]]>
    </failure>
  </testcase> <!-- @AfterMethod tearDown -->
  <testcase name="@AfterMethod tearDown" time="0.0" classname="zeta.test.DNISuite">
    <failure type="java.lang.NullPointerException">
      <![CDATA[java.lang.NullPointerException
	at zeta.utilities.ZetaTestDriver.tearDown(ZetaTestDriver.java:145)
	at java.util.concurrent.FutureTask.run(FutureTask.java:266)
	at java.util.concurrent.ThreadPoolExecutor.runWorker(ThreadPoolExecutor.java:1142)
	at java.util.concurrent.ThreadPoolExecutor$Worker.run(ThreadPoolExecutor.java:617)
	at java.lang.Thread.run(Thread.java:745)
... Removed 18 stack frames]]>
    </failure>
  </testcase> <!-- @AfterMethod tearDown -->
  <testcase name="@AfterMethod tearDown" time="0.0" classname="zeta.test.ZetaCmsSuite">
    <failure type="java.lang.NullPointerException">
      <![CDATA[java.lang.NullPointerException
	at zeta.utilities.ZetaTestDriver.tearDown(ZetaTestDriver.java:145)
	at java.util.concurrent.FutureTask.run(FutureTask.java:266)
	at java.util.concurrent.ThreadPoolExecutor.runWorker(ThreadPoolExecutor.java:1142)
	at java.util.concurrent.ThreadPoolExecutor$Worker.run(ThreadPoolExecutor.java:617)
	at java.lang.Thread.run(Thread.java:745)
... Removed 18 stack frames]]>
    </failure>
  </testcase> <!-- @AfterMethod tearDown -->
  <testcase name="@AfterMethod tearDown" time="0.0" classname="zeta.test.ZetaCmsSuite">
    <failure type="java.lang.NullPointerException">
      <![CDATA[java.lang.NullPointerException
	at zeta.utilities.ZetaTestDriver.tearDown(ZetaTestDriver.java:145)
	at java.util.concurrent.FutureTask.run(FutureTask.java:266)
	at java.util.concurrent.ThreadPoolExecutor.runWorker(ThreadPoolExecutor.java:1142)
	at java.util.concurrent.ThreadPoolExecutor$Worker.run(ThreadPoolExecutor.java:617)
	at java.lang.Thread.run(Thread.java:745)
... Removed 18 stack frames]]>
    </failure>
  </testcase> <!-- @AfterMethod tearDown -->
  <testcase name="dashBoard" time="5.209" classname="zeta.test.ZetaCmsSuite"/>
  <testcase name="createDIPage" time="0.002" classname="zeta.test.DNISuite">
    <skipped/>
  </testcase> <!-- createDIPage -->
  <testcase name="createNewDocDefAndDocument" time="0.0" classname="zeta.test.ZetaCmsSuite">
    <skipped/>
  </testcase> <!-- createNewDocDefAndDocument -->
  <testcase name="zetaPersonPage" time="0.0" classname="zeta.test.ZetaCmsSuite">
    <skipped/>
  </testcase> <!-- zetaPersonPage -->
</testsuite> <!-- chrome_60_7 -->
