<?xml version="1.0" encoding="UTF-8"?>
<!-- Generated by org.testng.reporters.JUnitXMLReporter -->
<testsuite hostname="patapl-G5SSZF2" name="edge" tests="12" failures="1" timestamp="12 Oct 2017 16:34:39 GMT" time="405.644" errors="0">
  <testcase name="@BeforeMethod setUpTestRun" time="0.0" classname="zeta.test.ZetaCmsSuite">
    <failure type="java.lang.NullPointerException">
      <![CDATA[java.lang.NullPointerException
	at java.lang.ProcessBuilder.start(ProcessBuilder.java:1012)
	at com.browserstack.local.Local.runCommand(Local.java:182)
	at com.browserstack.local.Local.start(Local.java:66)
	at zeta.utilities.RunManager.startBrowserStack(RunManager.java:159)
	at zeta.utilities.ZetaTestDriver.setBrowserStack(ZetaTestDriver.java:193)
	at zeta.utilities.ZetaTestDriver.setUpTestRun(ZetaTestDriver.java:78)
	at java.util.concurrent.ThreadPoolExecutor.runWorker(ThreadPoolExecutor.java:1142)
	at java.util.concurrent.ThreadPoolExecutor$Worker.run(ThreadPoolExecutor.java:617)
	at java.lang.Thread.run(Thread.java:745)
... Removed 12 stack frames]]>
    </failure>
  </testcase> <!-- @BeforeMethod setUpTestRun -->
  <testcase name="@AfterMethod tearDown" time="0.0" classname="zeta.test.ZetaCmsSuite">
    <failure type="java.lang.NullPointerException">
      <![CDATA[java.lang.NullPointerException
	at zeta.utilities.ZetaTestDriver.tearDown(ZetaTestDriver.java:96)
	at java.util.concurrent.ThreadPoolExecutor.runWorker(ThreadPoolExecutor.java:1142)
	at java.util.concurrent.ThreadPoolExecutor$Worker.run(ThreadPoolExecutor.java:617)
	at java.lang.Thread.run(Thread.java:745)
... Removed 12 stack frames]]>
    </failure>
  </testcase> <!-- @AfterMethod tearDown -->
  <testcase name="@BeforeMethod setUpTestRun" time="0.0" classname="zeta.test.DNISuite">
    <failure type="java.lang.NullPointerException">
      <![CDATA[java.lang.NullPointerException
	at java.lang.ProcessBuilder.start(ProcessBuilder.java:1012)
	at com.browserstack.local.Local.runCommand(Local.java:182)
	at com.browserstack.local.Local.start(Local.java:66)
	at zeta.utilities.RunManager.startBrowserStack(RunManager.java:159)
	at zeta.utilities.ZetaTestDriver.setBrowserStack(ZetaTestDriver.java:193)
	at zeta.utilities.ZetaTestDriver.setUpTestRun(ZetaTestDriver.java:78)
	at java.util.concurrent.ThreadPoolExecutor.runWorker(ThreadPoolExecutor.java:1142)
	at java.util.concurrent.ThreadPoolExecutor$Worker.run(ThreadPoolExecutor.java:617)
	at java.lang.Thread.run(Thread.java:745)
... Removed 12 stack frames]]>
    </failure>
  </testcase> <!-- @BeforeMethod setUpTestRun -->
  <testcase name="@AfterMethod tearDown" time="0.0" classname="zeta.test.DNISuite">
    <failure type="java.lang.NullPointerException">
      <![CDATA[java.lang.NullPointerException
	at zeta.utilities.ZetaTestDriver.tearDown(ZetaTestDriver.java:96)
	at java.util.concurrent.ThreadPoolExecutor.runWorker(ThreadPoolExecutor.java:1142)
	at java.util.concurrent.ThreadPoolExecutor$Worker.run(ThreadPoolExecutor.java:617)
	at java.lang.Thread.run(Thread.java:745)
... Removed 12 stack frames]]>
    </failure>
  </testcase> <!-- @AfterMethod tearDown -->
  <testcase name="@BeforeMethod setUpTestRun" time="0.0" classname="zeta.test.ZetaCmsSuite">
    <failure type="java.lang.NullPointerException">
      <![CDATA[java.lang.NullPointerException
	at java.lang.ProcessBuilder.start(ProcessBuilder.java:1012)
	at com.browserstack.local.Local.runCommand(Local.java:182)
	at com.browserstack.local.Local.start(Local.java:66)
	at zeta.utilities.RunManager.startBrowserStack(RunManager.java:159)
	at zeta.utilities.ZetaTestDriver.setBrowserStack(ZetaTestDriver.java:193)
	at zeta.utilities.ZetaTestDriver.setUpTestRun(ZetaTestDriver.java:78)
	at java.util.concurrent.ThreadPoolExecutor.runWorker(ThreadPoolExecutor.java:1142)
	at java.util.concurrent.ThreadPoolExecutor$Worker.run(ThreadPoolExecutor.java:617)
	at java.lang.Thread.run(Thread.java:745)
... Removed 12 stack frames]]>
    </failure>
  </testcase> <!-- @BeforeMethod setUpTestRun -->
  <testcase name="@AfterMethod tearDown" time="0.0" classname="zeta.test.ZetaCmsSuite">
    <failure type="java.lang.NullPointerException">
      <![CDATA[java.lang.NullPointerException
	at zeta.utilities.ZetaTestDriver.tearDown(ZetaTestDriver.java:96)
	at java.util.concurrent.ThreadPoolExecutor.runWorker(ThreadPoolExecutor.java:1142)
	at java.util.concurrent.ThreadPoolExecutor$Worker.run(ThreadPoolExecutor.java:617)
	at java.lang.Thread.run(Thread.java:745)
... Removed 12 stack frames]]>
    </failure>
  </testcase> <!-- @AfterMethod tearDown -->
  <testcase name="dashBoard" time="7.07" classname="zeta.test.ZetaCmsSuite">
    <skipped/>
  </testcase> <!-- dashBoard -->
  <testcase name="dashBoard" time="3.876" classname="zeta.test.ZetaCmsSuite">
    <skipped/>
  </testcase> <!-- dashBoard -->
  <testcase name="dashBoard" time="4.223" classname="zeta.test.ZetaCmsSuite">
    <failure type="java.lang.AssertionError" message="Name of the user is displayed under the project name, expected user name &amp;apos;TestingAcct_01&amp;apos; actual displayed &amp;apos;TestingAcct_01 &amp;apos;. expected [true] but found [false]">
      <![CDATA[java.lang.AssertionError: Name of the user is displayed under the project name, expected user name 'TestingAcct_01' actual displayed 'TestingAcct_01 '. expected [true] but found [false]
	at zeta.utilities.Report.runStep(Report.java:35)
	at zeta.pages.ZetaCMS.validateDashboard(ZetaCMS.java:69)
	at zeta.test.ZetaCmsSuite.dashBoard(ZetaCmsSuite.java:32)
	at java.util.concurrent.ThreadPoolExecutor.runWorker(ThreadPoolExecutor.java:1142)
	at java.util.concurrent.ThreadPoolExecutor$Worker.run(ThreadPoolExecutor.java:617)
	at java.lang.Thread.run(Thread.java:745)
... Removed 13 stack frames]]>
    </failure>
  </testcase> <!-- dashBoard -->
  <testcase name="createNewDocDefAndDocument" time="116.031" classname="zeta.test.ZetaCmsSuite">
    <skipped/>
  </testcase> <!-- createNewDocDefAndDocument -->
  <testcase name="createDIPage" time="180.679" classname="zeta.test.DNISuite">
    <skipped/>
  </testcase> <!-- createDIPage -->
  <testcase name="zetaPersonPage" time="107.865" classname="zeta.test.ZetaCmsSuite">
    <skipped/>
  </testcase> <!-- zetaPersonPage -->
  <testcase name="createNewDocDefAndDocument" time="105.036" classname="zeta.test.ZetaCmsSuite">
    <skipped/>
  </testcase> <!-- createNewDocDefAndDocument -->
  <testcase name="createNewDocDefAndDocument" time="0.0" classname="zeta.test.ZetaCmsSuite">
    <skipped/>
  </testcase> <!-- createNewDocDefAndDocument -->
  <testcase name="createDIPage" time="96.466" classname="zeta.test.DNISuite">
    <skipped/>
  </testcase> <!-- createDIPage -->
  <testcase name="createDIPage" time="0.001" classname="zeta.test.DNISuite">
    <skipped/>
  </testcase> <!-- createDIPage -->
  <testcase name="zetaPersonPage" time="111.345" classname="zeta.test.ZetaCmsSuite">
    <skipped/>
  </testcase> <!-- zetaPersonPage -->
  <testcase name="zetaPersonPage" time="0.001" classname="zeta.test.ZetaCmsSuite">
    <skipped/>
  </testcase> <!-- zetaPersonPage -->
</testsuite> <!-- edge -->
