<?xml version="1.0" encoding="UTF-8"?>
<!-- Generated by org.testng.reporters.JUnitXMLReporter -->
<testsuite hostname="patapl-G5SSZF2" name="ie" tests="4" failures="0" timestamp="12 Oct 2017 14:39:41 GMT" time="325.168" errors="0">
  <testcase name="@BeforeMethod setUpTestRun" time="0.0" classname="zeta.test.ZetaCmsSuite">
    <failure type="java.lang.AssertionError" message="Expected condition failed: waiting for visibility of all elements located by By.xpath: //dl[@class=&amp;apos;dl-horizontal&amp;apos;]/dt/a (tried for 30 second(s) with 500 MILLISECONDS interval)
Build info: version: &amp;apos;3.4.0&amp;apos;, revision: &amp;apos;unknown&amp;apos;, time: &amp;apos;unknown&amp;apos;
System info: host: &amp;apos;PATAPL-G5SSZF2&amp;apos;, ip: &amp;apos;10.36.144.67&amp;apos;, os.name: &amp;apos;Windows 10&amp;apos;, os.arch: &amp;apos;amd64&amp;apos;, os.version: &amp;apos;10.0&amp;apos;, java.version: &amp;apos;1.8.0_121&amp;apos;
Driver info: org.openqa.selenium.remote.RemoteWebDriver
Capabilities [{browserAttachTimeout=0.0, enablePersistentHover=true, ie.forceCreateProcessApi=false, pageLoadStrategy=normal, ie.usePerProcessProxy=false, ignoreZoomSetting=false, handlesAlerts=true, version=11, platform=WINDOWS, nativeEvents=true, ie.ensureCleanSession=false, elementScrollBehavior=0.0, ie.browserCommandLineSwitches=, webdriver.remote.sessionid=2d66f872a68b91575feb5f1cbbf7276cd58994c5, requireWindowFocus=false, browserName=internet explorer, initialBrowserUrl=about:blank, takesScreenshot=true, javascriptEnabled=true, ignoreProtectedModeSettings=false, enableElementCacheCleanup=true, cssSelectorsEnabled=true, unexpectedAlertBehaviour=dismiss}]
Session ID: 2d66f872a68b91575feb5f1cbbf7276cd58994c5">
      <![CDATA[java.lang.AssertionError: Expected condition failed: waiting for visibility of all elements located by By.xpath: //dl[@class='dl-horizontal']/dt/a (tried for 30 second(s) with 500 MILLISECONDS interval)
Build info: version: '3.4.0', revision: 'unknown', time: 'unknown'
System info: host: 'PATAPL-G5SSZF2', ip: '10.36.144.67', os.name: 'Windows 10', os.arch: 'amd64', os.version: '10.0', java.version: '1.8.0_121'
Driver info: org.openqa.selenium.remote.RemoteWebDriver
Capabilities [{browserAttachTimeout=0.0, enablePersistentHover=true, ie.forceCreateProcessApi=false, pageLoadStrategy=normal, ie.usePerProcessProxy=false, ignoreZoomSetting=false, handlesAlerts=true, version=11, platform=WINDOWS, nativeEvents=true, ie.ensureCleanSession=false, elementScrollBehavior=0.0, ie.browserCommandLineSwitches=, webdriver.remote.sessionid=2d66f872a68b91575feb5f1cbbf7276cd58994c5, requireWindowFocus=false, browserName=internet explorer, initialBrowserUrl=about:blank, takesScreenshot=true, javascriptEnabled=true, ignoreProtectedModeSettings=false, enableElementCacheCleanup=true, cssSelectorsEnabled=true, unexpectedAlertBehaviour=dismiss}]
Session ID: 2d66f872a68b91575feb5f1cbbf7276cd58994c5
	at zeta.pages.Page.waitFail(Page.java:323)
	at zeta.pages.LogInPage.logIn(LogInPage.java:38)
	at zeta.utilities.ZetaTestDriver.setUpTestRun(ZetaTestDriver.java:89)
	at java.util.concurrent.FutureTask.run(FutureTask.java:266)
	at java.util.concurrent.ThreadPoolExecutor.runWorker(ThreadPoolExecutor.java:1142)
	at java.util.concurrent.ThreadPoolExecutor$Worker.run(ThreadPoolExecutor.java:617)
	at java.lang.Thread.run(Thread.java:745)
... Removed 19 stack frames]]>
    </failure>
  </testcase> <!-- @BeforeMethod setUpTestRun -->
  <testcase name="@BeforeMethod setUpTestRun" time="0.0" classname="zeta.test.ZetaCmsSuite">
    <failure type="java.lang.AssertionError" message="Expected condition failed: waiting for visibility of all elements located by By.xpath: //dl[@class=&amp;apos;dl-horizontal&amp;apos;]/dt/a (tried for 30 second(s) with 500 MILLISECONDS interval)
Build info: version: &amp;apos;3.4.0&amp;apos;, revision: &amp;apos;unknown&amp;apos;, time: &amp;apos;unknown&amp;apos;
System info: host: &amp;apos;PATAPL-G5SSZF2&amp;apos;, ip: &amp;apos;10.36.144.67&amp;apos;, os.name: &amp;apos;Windows 10&amp;apos;, os.arch: &amp;apos;amd64&amp;apos;, os.version: &amp;apos;10.0&amp;apos;, java.version: &amp;apos;1.8.0_121&amp;apos;
Driver info: org.openqa.selenium.remote.RemoteWebDriver
Capabilities [{browserAttachTimeout=0.0, enablePersistentHover=true, ie.forceCreateProcessApi=false, pageLoadStrategy=normal, ie.usePerProcessProxy=false, ignoreZoomSetting=false, handlesAlerts=true, version=11, platform=WINDOWS, nativeEvents=true, ie.ensureCleanSession=false, elementScrollBehavior=0.0, ie.browserCommandLineSwitches=, webdriver.remote.sessionid=4e7c0857f2f094b5b6884d6b8aee1c706799149a, requireWindowFocus=false, browserName=internet explorer, initialBrowserUrl=about:blank, takesScreenshot=true, javascriptEnabled=true, ignoreProtectedModeSettings=false, enableElementCacheCleanup=true, cssSelectorsEnabled=true, unexpectedAlertBehaviour=dismiss}]
Session ID: 4e7c0857f2f094b5b6884d6b8aee1c706799149a">
      <![CDATA[java.lang.AssertionError: Expected condition failed: waiting for visibility of all elements located by By.xpath: //dl[@class='dl-horizontal']/dt/a (tried for 30 second(s) with 500 MILLISECONDS interval)
Build info: version: '3.4.0', revision: 'unknown', time: 'unknown'
System info: host: 'PATAPL-G5SSZF2', ip: '10.36.144.67', os.name: 'Windows 10', os.arch: 'amd64', os.version: '10.0', java.version: '1.8.0_121'
Driver info: org.openqa.selenium.remote.RemoteWebDriver
Capabilities [{browserAttachTimeout=0.0, enablePersistentHover=true, ie.forceCreateProcessApi=false, pageLoadStrategy=normal, ie.usePerProcessProxy=false, ignoreZoomSetting=false, handlesAlerts=true, version=11, platform=WINDOWS, nativeEvents=true, ie.ensureCleanSession=false, elementScrollBehavior=0.0, ie.browserCommandLineSwitches=, webdriver.remote.sessionid=4e7c0857f2f094b5b6884d6b8aee1c706799149a, requireWindowFocus=false, browserName=internet explorer, initialBrowserUrl=about:blank, takesScreenshot=true, javascriptEnabled=true, ignoreProtectedModeSettings=false, enableElementCacheCleanup=true, cssSelectorsEnabled=true, unexpectedAlertBehaviour=dismiss}]
Session ID: 4e7c0857f2f094b5b6884d6b8aee1c706799149a
	at zeta.pages.Page.waitFail(Page.java:323)
	at zeta.pages.LogInPage.logIn(LogInPage.java:38)
	at zeta.utilities.ZetaTestDriver.setUpTestRun(ZetaTestDriver.java:89)
	at java.util.concurrent.FutureTask.run(FutureTask.java:266)
	at java.util.concurrent.ThreadPoolExecutor.runWorker(ThreadPoolExecutor.java:1142)
	at java.util.concurrent.ThreadPoolExecutor$Worker.run(ThreadPoolExecutor.java:617)
	at java.lang.Thread.run(Thread.java:745)
... Removed 19 stack frames]]>
    </failure>
  </testcase> <!-- @BeforeMethod setUpTestRun -->
  <testcase name="dashBoard" time="0.001" classname="zeta.test.ZetaCmsSuite">
    <skipped/>
  </testcase> <!-- dashBoard -->
  <testcase name="createDIPage" time="0.001" classname="zeta.test.DNISuite">
    <skipped/>
  </testcase> <!-- createDIPage -->
  <testcase name="createNewDocDefAndDocument" time="0.001" classname="zeta.test.ZetaCmsSuite">
    <skipped/>
  </testcase> <!-- createNewDocDefAndDocument -->
  <testcase name="zetaPersonPage" time="0.001" classname="zeta.test.ZetaCmsSuite">
    <skipped/>
  </testcase> <!-- zetaPersonPage -->
</testsuite> <!-- ie -->
